<?xml version="1.0" encoding="UTF-8"?>
<testsuites>
  <testsuite name="navigating_to_contact_us_page" timestamp="2018-06-20T20:42:23" time="11.428" tests="1" failures="0" errors="0" skipped="0">
    <properties>
      <property name="specId" value="afd60bf6ca8e0745529d6fa7f5d37033"/>
      <property name="suiteName" value="navigating to contact-us page"/>
      <property name="capabilities" value="chrome"/>
    </properties>
    <testcase classname="chrome.navigating to contact-us page" name="should allow user to navigating contact-us page " time="11.427">
      <system-out>
        <![CDATA[
COMMAND: POST http://127.0.0.1:4444/wd/hub/session/326e8afe-da28-4c7d-a6f7-f18390aef068/url - {"url":"http://www.phptravels.net/contact-us"}
RESULT: {"state":"success","sessionId":"326e8afe-da28-4c7d-a6f7-f18390aef068","hCode":1031238258,"value":null,"class":"org.openqa.selenium.remote.Response","status":0}
COMMAND: POST http://127.0.0.1:4444/wd/hub/session/326e8afe-da28-4c7d-a6f7-f18390aef068/element - {"using":"xpath","value":"//div/h3[contains(., \"Contact Us\")]"}
RESULT: {"state":"success","sessionId":"326e8afe-da28-4c7d-a6f7-f18390aef068","hCode":1898642543,"value":{"ELEMENT":"0"},"class":"org.openqa.selenium.remote.Response","status":0}
COMMAND: GET http://127.0.0.1:4444/wd/hub/session/326e8afe-da28-4c7d-a6f7-f18390aef068/element/0/displayed - {}
RESULT: {"state":"success","sessionId":"326e8afe-da28-4c7d-a6f7-f18390aef068","hCode":1429970687,"value":true,"class":"org.openqa.selenium.remote.Response","status":0}
COMMAND: POST http://127.0.0.1:4444/wd/hub/session/326e8afe-da28-4c7d-a6f7-f18390aef068/element - {"using":"xpath","value":"//div/h3[contains(., \"Contact Us\")]"}
RESULT: {"state":"success","sessionId":"326e8afe-da28-4c7d-a6f7-f18390aef068","hCode":1943329203,"value":{"ELEMENT":"0"},"class":"org.openqa.selenium.remote.Response","status":0}
COMMAND: GET http://127.0.0.1:4444/wd/hub/session/326e8afe-da28-4c7d-a6f7-f18390aef068/element/0/text - {}
RESULT: {"state":"success","sessionId":"326e8afe-da28-4c7d-a6f7-f18390aef068","hCode":1651905329,"value":"Contact Us","class":"org.openqa.selenium.remote.Response","status":0}
COMMAND: POST http://127.0.0.1:4444/wd/hub/session/326e8afe-da28-4c7d-a6f7-f18390aef068/element - {"using":"xpath","value":"//div/h3[contains(., \"Contact Us\")]"}
RESULT: {"state":"success","sessionId":"326e8afe-da28-4c7d-a6f7-f18390aef068","hCode":1798546918,"value":{"ELEMENT":"0"},"class":"org.openqa.selenium.remote.Response","status":0}
COMMAND: GET http://127.0.0.1:4444/wd/hub/session/326e8afe-da28-4c7d-a6f7-f18390aef068/element/0/text - {}
RESULT: {"state":"success","sessionId":"326e8afe-da28-4c7d-a6f7-f18390aef068","hCode":1056960626,"value":"Contact Us","class":"org.openqa.selenium.remote.Response","status":0}
COMMAND: DELETE http://127.0.0.1:4444/wd/hub/session/326e8afe-da28-4c7d-a6f7-f18390aef068 - {}
RESULT: {"state":"success","sessionId":"326e8afe-da28-4c7d-a6f7-f18390aef068","hCode":1228654949,"value":null,"class":"org.openqa.selenium.remote.Response","status":0}
]]>
      </system-out>
    </testcase>
  </testsuite>
</testsuites>