{"stats":{"suites":1,"tests":1,"passes":1,"pending":0,"failures":0,"start":"2018-06-21T01:22:55.828Z","end":"2018-06-21T01:23:17.263Z","duration":21435,"testsRegistered":1,"passPercent":100,"pendingPercent":0,"other":0,"hasOther":false,"skipped":0,"hasSkipped":false,"passPercentClass":"success","pendingPercentClass":"danger"},"suites":{"title":"","suites":[{"title":"navigating to contact-us page (chrome)","suites":[],"tests":[{"title":"should allow user to navigating contact-us page ","fullTitle":"should allow user to navigating contact-us page ","timedOut":false,"duration":12909,"speed":"fast","pass":true,"fail":false,"pending":false,"code":"","isRoot":false,"uuid":"5f03a8bd-c808-4b73-b755-8162202cc4a6","parentUUID":"7c0a1f17-7f86-4cdc-9e36-7a85f43274b9","skipped":false,"isHook":false,"context":"[{\"title\":\"Session Id\",\"value\":\"dfacbb93-133d-48d1-9b97-c3268b66c258\"}]","state":"passed","err":{}}],"pending":[],"root":false,"fullFile":"","file":"","passes":[{"title":"should allow user to navigating contact-us page ","fullTitle":"should allow user to navigating contact-us page ","timedOut":false,"duration":12909,"speed":"fast","pass":true,"fail":false,"pending":false,"code":"","isRoot":false,"uuid":"5f03a8bd-c808-4b73-b755-8162202cc4a6","parentUUID":"7c0a1f17-7f86-4cdc-9e36-7a85f43274b9","skipped":false,"isHook":false,"context":"[{\"title\":\"Session Id\",\"value\":\"dfacbb93-133d-48d1-9b97-c3268b66c258\"}]","state":"passed","err":{}}],"failures":[],"skipped":[],"hasTests":true,"hasSuites":false,"totalTests":1,"totalPasses":1,"totalFailures":0,"totalPending":0,"totalSkipped":0,"hasPasses":true,"hasFailures":false,"hasPending":false,"hasSkipped":false,"duration":12910,"_timeout":0,"uuid":"7c0a1f17-7f86-4cdc-9e36-7a85f43274b9","hasBeforeHooks":false,"beforeHooks":[],"hasAfterHooks":false,"afterHooks":[]}],"tests":[],"pending":[],"root":true,"fullFile":"","file":"","passes":[],"failures":[],"skipped":[],"hasTests":false,"hasSuites":true,"totalTests":0,"totalPasses":0,"totalFailures":0,"totalPending":0,"totalSkipped":0,"hasPasses":false,"hasFailures":false,"hasPending":false,"hasSkipped":false,"duration":0,"_timeout":0,"uuid":"d2883ac2-a484-4184-acd2-ab96ef52667f","hasBeforeHooks":false,"beforeHooks":[],"hasAfterHooks":false,"afterHooks":[]},"allTests":[{"title":"should allow user to navigating contact-us page ","fullTitle":"should allow user to navigating contact-us page ","timedOut":false,"duration":12909,"speed":"fast","pass":true,"fail":false,"pending":false,"code":"","isRoot":false,"uuid":"5f03a8bd-c808-4b73-b755-8162202cc4a6","parentUUID":"7c0a1f17-7f86-4cdc-9e36-7a85f43274b9","skipped":false,"isHook":false,"context":"[{\"title\":\"Session Id\",\"value\":\"dfacbb93-133d-48d1-9b97-c3268b66c258\"}]","state":"passed","err":{}}],"allPending":[],"allPasses":[{"title":"should allow user to navigating contact-us page ","fullTitle":"should allow user to navigating contact-us page ","timedOut":false,"duration":12909,"speed":"fast","pass":true,"fail":false,"pending":false,"code":"","isRoot":false,"uuid":"5f03a8bd-c808-4b73-b755-8162202cc4a6","parentUUID":"7c0a1f17-7f86-4cdc-9e36-7a85f43274b9","skipped":false,"isHook":false,"context":"[{\"title\":\"Session Id\",\"value\":\"dfacbb93-133d-48d1-9b97-c3268b66c258\"}]","state":"passed","err":{}}],"allFailures":[],"copyrightYear":2018}