{"stats":{"suites":1,"tests":1,"passes":1,"pending":0,"failures":0,"start":"2018-06-21T01:42:17.152Z","end":"2018-06-21T01:42:34.936Z","duration":17784,"testsRegistered":1,"passPercent":100,"pendingPercent":0,"other":0,"hasOther":false,"skipped":0,"hasSkipped":false,"passPercentClass":"success","pendingPercentClass":"danger"},"suites":{"title":"","suites":[{"title":"navigating to contact-us page (chrome)","suites":[],"tests":[{"title":"should allow user to navigating contact-us page ","fullTitle":"should allow user to navigating contact-us page ","timedOut":false,"duration":11427,"speed":"fast","pass":true,"fail":false,"pending":false,"code":"","isRoot":false,"uuid":"b6126060-f852-470f-a9d3-4e51179a5391","parentUUID":"e45e4a9d-8b42-4614-a111-9d23a03a5766","skipped":false,"isHook":false,"context":"[{\"title\":\"Session Id\",\"value\":\"326e8afe-da28-4c7d-a6f7-f18390aef068\"}]","state":"passed","err":{}}],"pending":[],"root":false,"fullFile":"","file":"","passes":[{"title":"should allow user to navigating contact-us page ","fullTitle":"should allow user to navigating contact-us page ","timedOut":false,"duration":11427,"speed":"fast","pass":true,"fail":false,"pending":false,"code":"","isRoot":false,"uuid":"b6126060-f852-470f-a9d3-4e51179a5391","parentUUID":"e45e4a9d-8b42-4614-a111-9d23a03a5766","skipped":false,"isHook":false,"context":"[{\"title\":\"Session Id\",\"value\":\"326e8afe-da28-4c7d-a6f7-f18390aef068\"}]","state":"passed","err":{}}],"failures":[],"skipped":[],"hasTests":true,"hasSuites":false,"totalTests":1,"totalPasses":1,"totalFailures":0,"totalPending":0,"totalSkipped":0,"hasPasses":true,"hasFailures":false,"hasPending":false,"hasSkipped":false,"duration":11428,"_timeout":0,"uuid":"e45e4a9d-8b42-4614-a111-9d23a03a5766","hasBeforeHooks":false,"beforeHooks":[],"hasAfterHooks":false,"afterHooks":[]}],"tests":[],"pending":[],"root":true,"fullFile":"","file":"","passes":[],"failures":[],"skipped":[],"hasTests":false,"hasSuites":true,"totalTests":0,"totalPasses":0,"totalFailures":0,"totalPending":0,"totalSkipped":0,"hasPasses":false,"hasFailures":false,"hasPending":false,"hasSkipped":false,"duration":0,"_timeout":0,"uuid":"b8f9f7c4-7bab-4b70-bd7a-c10f2f0fa0f4","hasBeforeHooks":false,"beforeHooks":[],"hasAfterHooks":false,"afterHooks":[]},"allTests":[{"title":"should allow user to navigating contact-us page ","fullTitle":"should allow user to navigating contact-us page ","timedOut":false,"duration":11427,"speed":"fast","pass":true,"fail":false,"pending":false,"code":"","isRoot":false,"uuid":"b6126060-f852-470f-a9d3-4e51179a5391","parentUUID":"e45e4a9d-8b42-4614-a111-9d23a03a5766","skipped":false,"isHook":false,"context":"[{\"title\":\"Session Id\",\"value\":\"326e8afe-da28-4c7d-a6f7-f18390aef068\"}]","state":"passed","err":{}}],"allPending":[],"allPasses":[{"title":"should allow user to navigating contact-us page ","fullTitle":"should allow user to navigating contact-us page ","timedOut":false,"duration":11427,"speed":"fast","pass":true,"fail":false,"pending":false,"code":"","isRoot":false,"uuid":"b6126060-f852-470f-a9d3-4e51179a5391","parentUUID":"e45e4a9d-8b42-4614-a111-9d23a03a5766","skipped":false,"isHook":false,"context":"[{\"title\":\"Session Id\",\"value\":\"326e8afe-da28-4c7d-a6f7-f18390aef068\"}]","state":"passed","err":{}}],"allFailures":[],"copyrightYear":2018}